[debug] [2026-06-23T00:09:47.961Z] ----------------------------------------------------------------------
[debug] [2026-06-23T00:09:47.969Z] Command:       C:\Program Files\nodejs\node.exe C:\Users\Asjaduzzaman\AppData\Local\npm-cache\_npx\ba4f1959e38407b5\node_modules\firebase-tools\lib\bin\firebase.js functions:config:get --project infcoded-labs
[debug] [2026-06-23T00:09:47.969Z] CLI Version:   15.22.1
[debug] [2026-06-23T00:09:47.970Z] Platform:      win32
[debug] [2026-06-23T00:09:47.970Z] Node Version:  v24.14.0
[debug] [2026-06-23T00:09:47.970Z] Detected Agent: antigravity
[debug] [2026-06-23T00:09:47.971Z] Time:          Tue Jun 23 2026 05:39:47 GMT+0530 (India Standard Time)
[debug] [2026-06-23T00:09:47.971Z] ----------------------------------------------------------------------
[debug] 
[debug] [2026-06-23T00:09:48.497Z] > command requires scopes: ["email","openid","https://www.googleapis.com/auth/cloudplatformprojects.readonly","https://www.googleapis.com/auth/firebase","https://www.googleapis.com/auth/cloud-platform"]
[debug] [2026-06-23T00:09:48.497Z] > authorizing via signed-in user (artexplore764@gmail.com)
[debug] [2026-06-23T00:09:48.498Z] [iam] checking project infcoded-labs for permissions ["firebase.projects.get","runtimeconfig.configs.get","runtimeconfig.configs.list","runtimeconfig.variables.get","runtimeconfig.variables.list"]
[debug] [2026-06-23T00:09:48.502Z] Checked if tokens are valid: true, expires at: 1782175124691
[debug] [2026-06-23T00:09:48.503Z] Checked if tokens are valid: true, expires at: 1782175124691
[debug] [2026-06-23T00:09:48.505Z] >>> [apiv2][query] POST https://cloudresourcemanager.googleapis.com/v1/projects/infcoded-labs:testIamPermissions [none]
[debug] [2026-06-23T00:09:48.505Z] >>> [apiv2][(partial)header] POST https://cloudresourcemanager.googleapis.com/v1/projects/infcoded-labs:testIamPermissions  x-goog-user-project=infcoded-labs
[debug] [2026-06-23T00:09:48.505Z] >>> [apiv2][body] POST https://cloudresourcemanager.googleapis.com/v1/projects/infcoded-labs:testIamPermissions {"permissions":["firebase.projects.get","runtimeconfig.configs.get","runtimeconfig.configs.list","runtimeconfig.variables.get","runtimeconfig.variables.list"]}
[debug] [2026-06-23T00:09:50.153Z] <<< [apiv2][status] POST https://cloudresourcemanager.googleapis.com/v1/projects/infcoded-labs:testIamPermissions 200
[debug] [2026-06-23T00:09:50.153Z] <<< [apiv2][body] POST https://cloudresourcemanager.googleapis.com/v1/projects/infcoded-labs:testIamPermissions {"permissions":["firebase.projects.get","runtimeconfig.configs.get","runtimeconfig.configs.list","runtimeconfig.variables.get","runtimeconfig.variables.list"]}
[debug] [2026-06-23T00:09:50.157Z] Checked if tokens are valid: true, expires at: 1782175124691
[debug] [2026-06-23T00:09:50.157Z] Checked if tokens are valid: true, expires at: 1782175124691
[debug] [2026-06-23T00:09:50.158Z] >>> [apiv2][query] GET https://runtimeconfig.googleapis.com/v1beta1/projects/infcoded-labs/configs [none]
[debug] [2026-06-23T00:09:51.715Z] <<< [apiv2][status] GET https://runtimeconfig.googleapis.com/v1beta1/projects/infcoded-labs/configs 200
[debug] [2026-06-23T00:09:51.715Z] <<< [apiv2][body] GET https://runtimeconfig.googleapis.com/v1beta1/projects/infcoded-labs/configs {}
[info] {}
[debug] [2026-06-23T00:09:59.775Z] Error: Timed out.
    at Timeout.<anonymous> (C:\Users\Asjaduzzaman\AppData\Local\npm-cache\_npx\ba4f1959e38407b5\node_modules\firebase-tools\lib\utils.js:313:49)
    at listOnTimeout (node:internal/timers:605:17)
    at process.processTimers (node:internal/timers:541:7)
[error] 
[error] Error: An unexpected error has occurred.
[debug] [2026-06-23T00:54:09.772Z] ----------------------------------------------------------------------
[debug] [2026-06-23T00:54:09.777Z] Command:       C:\Program Files\nodejs\node.exe C:\Users\Asjaduzzaman\AppData\Local\npm-cache\_npx\ba4f1959e38407b5\node_modules\firebase-tools\lib\bin\firebase.js deploy --only hosting --project infcoded-labs
[debug] [2026-06-23T00:54:09.778Z] CLI Version:   15.22.1
[debug] [2026-06-23T00:54:09.778Z] Platform:      win32
[debug] [2026-06-23T00:54:09.779Z] Node Version:  v24.14.0
[debug] [2026-06-23T00:54:09.779Z] Detected Agent: antigravity
[debug] [2026-06-23T00:54:09.779Z] Time:          Tue Jun 23 2026 06:24:09 GMT+0530 (India Standard Time)
[debug] [2026-06-23T00:54:09.779Z] ----------------------------------------------------------------------
[debug] 
[debug] [2026-06-23T00:54:16.975Z] Object "/hosting/frameworksBackend" in "firebase.json" has unknown property: {"additionalProperty":"environmentVariables"}
[debug] [2026-06-23T00:54:16.976Z] Field "/hosting" in "firebase.json" is possibly invalid: must be array
[debug] [2026-06-23T00:54:16.976Z] Field "/hosting" in "firebase.json" is possibly invalid: must match a schema in anyOf
[debug] [2026-06-23T00:54:17.007Z] > command requires scopes: ["email","openid","https://www.googleapis.com/auth/cloudplatformprojects.readonly","https://www.googleapis.com/auth/firebase","https://www.googleapis.com/auth/cloud-platform"]
[debug] [2026-06-23T00:54:17.007Z] > authorizing via signed-in user (artexplore764@gmail.com)
[debug] [2026-06-23T00:54:17.008Z] [iam] checking project infcoded-labs for permissions ["firebase.projects.get","firebasehosting.sites.update"]
[debug] [2026-06-23T00:54:17.011Z] Checked if tokens are valid: true, expires at: 1782178774660
[debug] [2026-06-23T00:54:17.012Z] Checked if tokens are valid: true, expires at: 1782178774660
[debug] [2026-06-23T00:54:17.014Z] >>> [apiv2][query] POST https://cloudresourcemanager.googleapis.com/v1/projects/infcoded-labs:testIamPermissions [none]
[debug] [2026-06-23T00:54:17.014Z] >>> [apiv2][(partial)header] POST https://cloudresourcemanager.googleapis.com/v1/projects/infcoded-labs:testIamPermissions  x-goog-user-project=infcoded-labs
[debug] [2026-06-23T00:54:17.015Z] >>> [apiv2][body] POST https://cloudresourcemanager.googleapis.com/v1/projects/infcoded-labs:testIamPermissions {"permissions":["firebase.projects.get","firebasehosting.sites.update"]}
[debug] [2026-06-23T00:54:19.220Z] <<< [apiv2][status] POST https://cloudresourcemanager.googleapis.com/v1/projects/infcoded-labs:testIamPermissions 200
[debug] [2026-06-23T00:54:19.221Z] <<< [apiv2][body] POST https://cloudresourcemanager.googleapis.com/v1/projects/infcoded-labs:testIamPermissions {"permissions":["firebase.projects.get","firebasehosting.sites.update"]}
[debug] [2026-06-23T00:54:19.222Z] Checked if tokens are valid: true, expires at: 1782178774660
[debug] [2026-06-23T00:54:19.222Z] Checked if tokens are valid: true, expires at: 1782178774660
[debug] [2026-06-23T00:54:19.223Z] >>> [apiv2][query] GET https://firebase.googleapis.com/v1beta1/projects/infcoded-labs [none]
[debug] [2026-06-23T00:54:19.855Z] <<< [apiv2][status] GET https://firebase.googleapis.com/v1beta1/projects/infcoded-labs 200
[debug] [2026-06-23T00:54:19.856Z] <<< [apiv2][body] GET https://firebase.googleapis.com/v1beta1/projects/infcoded-labs {"projectId":"infcoded-labs","projectNumber":"813451921843","displayName":"Infcoded Labs","name":"projects/infcoded-labs","resources":{"hostingSite":"infcoded-labs"},"state":"ACTIVE","etag":"1_e5d63b3a-f901-4140-b734-3923512f0792"}
[debug] [2026-06-23T00:54:28.821Z] Checked if tokens are valid: true, expires at: 1782178774660
[debug] [2026-06-23T00:54:28.821Z] Checked if tokens are valid: true, expires at: 1782178774660
[debug] [2026-06-23T00:54:28.821Z] >>> [apiv2][query] GET https://firebasehosting.googleapis.com/v1beta1/projects/infcoded-labs/sites pageToken=&pageSize=10
[debug] [2026-06-23T00:54:30.665Z] <<< [apiv2][status] GET https://firebasehosting.googleapis.com/v1beta1/projects/infcoded-labs/sites 200
[debug] [2026-06-23T00:54:30.665Z] <<< [apiv2][body] GET https://firebasehosting.googleapis.com/v1beta1/projects/infcoded-labs/sites {"sites":[{"name":"projects/infcoded-labs/sites/infcoded-labs","defaultUrl":"https://infcoded-labs.web.app","type":"DEFAULT_SITE"}]}
[debug] [2026-06-23T00:54:30.668Z] Checked if tokens are valid: true, expires at: 1782178774660
[debug] [2026-06-23T00:54:30.668Z] Checked if tokens are valid: true, expires at: 1782178774660
[debug] [2026-06-23T00:54:30.668Z] >>> [apiv2][query] GET https://firebasehosting.googleapis.com/v1beta1/projects/infcoded-labs/sites 
[debug] [2026-06-23T00:54:31.486Z] <<< [apiv2][status] GET https://firebasehosting.googleapis.com/v1beta1/projects/infcoded-labs/sites 200
[debug] [2026-06-23T00:54:31.487Z] <<< [apiv2][body] GET https://firebasehosting.googleapis.com/v1beta1/projects/infcoded-labs/sites {"sites":[{"name":"projects/infcoded-labs/sites/infcoded-labs","defaultUrl":"https://infcoded-labs.web.app","type":"DEFAULT_SITE"}]}
[debug] [2026-06-23T00:54:31.487Z] Checked if tokens are valid: true, expires at: 1782178774660
[debug] [2026-06-23T00:54:31.488Z] Checked if tokens are valid: true, expires at: 1782178774660
[debug] [2026-06-23T00:54:31.488Z] >>> [apiv2][query] GET https://firebase.googleapis.com/v1beta1/projects/infcoded-labs/webApps/-/config [none]
[debug] [2026-06-23T00:54:33.476Z] <<< [apiv2][status] GET https://firebase.googleapis.com/v1beta1/projects/infcoded-labs/webApps/-/config 200
[debug] [2026-06-23T00:54:33.477Z] <<< [apiv2][body] GET https://firebase.googleapis.com/v1beta1/projects/infcoded-labs/webApps/-/config {"projectId":"infcoded-labs","appId":"1:813451921843:web:aa3388539d632ba863e3c6","storageBucket":"infcoded-labs.firebasestorage.app","apiKey":"AIzaSyCORENW0MqKwi46JwKqFVYFZ3Tei9lY0sg","authDomain":"infcoded-labs.firebaseapp.com","messagingSenderId":"813451921843","projectNumber":"813451921843","version":"2"}
[info] 
   Thank you for trying our early preview of Next.js support on Firebase Hosting.
   During the preview, support is best-effort and breaking changes can be expected. Proceed with caution.
   The integration is known to work with Next.js version 12 - 16.0. You may encounter errors.

   Documentation: https://firebase.google.com/docs/hosting/frameworks/nextjs
   File a bug: https://github.com/firebase/firebase-tools/issues/new?template=bug_report.md
   Submit a feature request: https://github.com/firebase/firebase-tools/issues/new?template=feature_request.md

   We'd love to learn from you. Express your interest in helping us shape the future of Firebase Hosting: https://goo.gle/41enW5X

[debug] [2026-06-23T00:54:53.787Z] Checked if tokens are valid: true, expires at: 1782178774660
[debug] [2026-06-23T00:54:53.787Z] Checked if tokens are valid: true, expires at: 1782178774660
[debug] [2026-06-23T00:54:53.788Z] >>> [apiv2][query] GET https://firebasehosting.googleapis.com/v1beta1/projects/infcoded-labs/sites/infcoded-labs [none]
[debug] [2026-06-23T00:55:02.767Z] <<< [apiv2][status] GET https://firebasehosting.googleapis.com/v1beta1/projects/infcoded-labs/sites/infcoded-labs 200
[debug] [2026-06-23T00:55:02.767Z] <<< [apiv2][body] GET https://firebasehosting.googleapis.com/v1beta1/projects/infcoded-labs/sites/infcoded-labs {"name":"projects/infcoded-labs/sites/infcoded-labs","defaultUrl":"https://infcoded-labs.web.app","type":"DEFAULT_SITE"}
[info] ▲ Next.js 16.2.9 (Turbopack)

[info] - Environments: .env.local, .env.production, .env


[info]   Creating an optimized production build ...

[info] ✓ Compiled successfully in 26.4s

[info]   Running TypeScript ...

[info]   Finished TypeScript in 18.2s ...

[info]   Collecting page data using 3 workers ...

[info]   Generating static pages using 3 workers (0/8) ...

[info]   Generating static pages using 3 workers (2/8) 

[info]   Generating static pages using 3 workers (4/8) 

[info]   Generating static pages using 3 workers (6/8) 

[info] ✓ Generating static pages using 3 workers (8/8) in 2.1s

[info]   Finalizing page optimization ...

[info] 

[info] Route (app)
┌ ○ /
├ ○ /_not-found
├ ƒ /api/send-email
├ ○ /privacy-policy
├ ○ /refund-policy
├ ○ /sitemap.xml
└ ○ /terms-and-conditions


[info] 

[info] ○  (Static)   prerendered as static content
ƒ  (Dynamic)  server-rendered on demand


[info] Building a Cloud Function to run this application. This is needed due to:
[info]  • non-static component /api/send-email/route
[info] 
[debug] [2026-06-23T00:56:35.246Z] Checked if tokens are valid: true, expires at: 1782178774660
[debug] [2026-06-23T00:56:35.246Z] Checked if tokens are valid: true, expires at: 1782178774660
[debug] [2026-06-23T00:56:35.248Z] >>> [apiv2][query] GET https://firebasehosting.googleapis.com/v1beta1/projects/infcoded-labs/sites/infcoded-labs [none]
[debug] [2026-06-23T00:56:37.406Z] <<< [apiv2][status] GET https://firebasehosting.googleapis.com/v1beta1/projects/infcoded-labs/sites/infcoded-labs 200
[debug] [2026-06-23T00:56:37.406Z] <<< [apiv2][body] GET https://firebasehosting.googleapis.com/v1beta1/projects/infcoded-labs/sites/infcoded-labs {"name":"projects/infcoded-labs/sites/infcoded-labs","defaultUrl":"https://infcoded-labs.web.app","type":"DEFAULT_SITE"}
[debug] [2026-06-23T00:57:46.645Z] [web frameworks] effective firebase.json:  {
  "hosting": [
    {
      "source": ".",
      "ignore": [
        "firebase.json",
        "**/.*",
        "**/node_modules/**"
      ],
      "frameworksBackend": {
        "region": "us-central1",
        "environmentVariables": {
          "EMAIL_USER": "artexplore764@gmail.com",
          "EMAIL_PASS": "jihe sqwv meea jela"
        }
      },
      "site": "infcoded-labs",
      "rewrites": [
        {
          "source": "**",
          "function": {
            "functionId": "ssrinfcodedlabs",
            "region": "us-central1",
            "pinTag": true
          }
        }
      ],
      "redirects": [],
      "headers": [
        {
          "source": "/_global-error",
          "headers": [
            {
              "key": "x-nextjs-stale-time",
              "value": "300"
            },
            {
              "key": "x-nextjs-prerender",
              "value": "1"
            },
            {
              "key": "x-next-cache-tags",
              "value": "_N_T_/layout,_N_T_/_global-error/layout,_N_T_/_global-error/page,_N_T_/_global-error"
            }
          ]
        },
        {
          "source": "/_not-found",
          "headers": [
            {
              "key": "x-nextjs-stale-time",
              "value": "300"
            },
            {
              "key": "x-nextjs-prerender",
              "value": "1"
            },
            {
              "key": "x-next-cache-tags",
              "value": "_N_T_/layout,_N_T_/_not-found/layout,_N_T_/_not-found/page,_N_T_/_not-found"
            }
          ]
        },
        {
          "source": "/privacy-policy",
          "headers": [
            {
              "key": "x-nextjs-stale-time",
              "value": "300"
            },
            {
              "key": "x-nextjs-prerender",
              "value": "1"
            },
            {
              "key": "x-next-cache-tags",
              "value": "_N_T_/layout,_N_T_/privacy-policy/layout,_N_T_/privacy-policy/page,_N_T_/privacy-policy"
            }
          ]
        },
        {
          "source": "/refund-policy",
          "headers": [
            {
              "key": "x-nextjs-stale-time",
              "value": "300"
            },
            {
              "key": "x-nextjs-prerender",
              "value": "1"
            },
            {
              "key": "x-next-cache-tags",
              "value": "_N_T_/layout,_N_T_/refund-policy/layout,_N_T_/refund-policy/page,_N_T_/refund-policy"
            }
          ]
        },
        {
          "source": "/sitemap.xml",
          "headers": [
            {
              "key": "cache-control",
              "value": "public, max-age=0, must-revalidate"
            },
            {
              "key": "content-type",
              "value": "application/xml"
            },
            {
              "key": "x-next-cache-tags",
              "value": "_N_T_/layout,_N_T_/sitemap.xml/layout,_N_T_/sitemap.xml/route,_N_T_/sitemap.xml"
            }
          ]
        },
        {
          "source": "/terms-and-conditions",
          "headers": [
            {
              "key": "x-nextjs-stale-time",
              "value": "300"
            },
            {
              "key": "x-nextjs-prerender",
              "value": "1"
            },
            {
              "key": "x-next-cache-tags",
              "value": "_N_T_/layout,_N_T_/terms-and-conditions/layout,_N_T_/terms-and-conditions/page,_N_T_/terms-and-conditions"
            }
          ]
        },
        {
          "source": "**/*.[jt]s",
          "headers": [
            {
              "key": "Set-Cookie",
              "value": "__FIREBASE_DEFAULTS__=eyJjb25maWciOnsicHJvamVjdElkIjoiaW5mY29kZWQtbGFicyIsImFwcElkIjoiMTo4MTM0NTE5MjE4NDM6d2ViOmFhMzM4ODUzOWQ2MzJiYTg2M2UzYzYiLCJzdG9yYWdlQnVja2V0IjoiaW5mY29kZWQtbGFicy5maXJlYmFzZXN0b3JhZ2UuYXBwIiwiYXBpS2V5IjoiQUl6YVN5Q09SRU5XME1xS3dpNDZKd0txRlZZRlozVGVpOWxZMHNnIiwiYXV0aERvbWFpbiI6ImluZmNvZGVkLWxhYnMuZmlyZWJhc2VhcHAuY29tIiwibWVzc2FnaW5nU2VuZGVySWQiOiI4MTM0NTE5MjE4NDMiLCJwcm9qZWN0TnVtYmVyIjoiODEzNDUxOTIxODQzIiwidmVyc2lvbiI6IjIifSwiX2F1dGhUb2tlblN5bmNVUkwiOiIvX19zZXNzaW9uIn0; SameSite=Strict; Expires=2028-05-17T11:37:46.644Z; Path=/;"
            }
          ]
        }
      ],
      "cleanUrls": true,
      "trailingSlash": false,
      "public": ".firebase\\infcoded-labs\\hosting",
      "webFramework": "next_ssr"
    }
  ],
  "functions": [
    {
      "source": ".firebase\\infcoded-labs\\functions",
      "codebase": "firebase-frameworks-infcoded-labs"
    }
  ]
}
[debug] [2026-06-23T00:57:46.646Z] > command requires scopes: ["email","openid","https://www.googleapis.com/auth/cloudplatformprojects.readonly","https://www.googleapis.com/auth/firebase","https://www.googleapis.com/auth/cloud-platform"]
[debug] [2026-06-23T00:57:46.647Z] > authorizing via signed-in user (artexplore764@gmail.com)
[debug] [2026-06-23T00:57:46.647Z] [iam] checking project infcoded-labs for permissions ["cloudfunctions.functions.create","cloudfunctions.functions.delete","cloudfunctions.functions.get","cloudfunctions.functions.list","cloudfunctions.functions.update","cloudfunctions.operations.get","firebase.projects.get"]
[debug] [2026-06-23T00:57:46.648Z] Checked if tokens are valid: true, expires at: 1782178774660
[debug] [2026-06-23T00:57:46.649Z] Checked if tokens are valid: true, expires at: 1782178774660
[debug] [2026-06-23T00:57:46.649Z] >>> [apiv2][query] POST https://cloudresourcemanager.googleapis.com/v1/projects/infcoded-labs:testIamPermissions [none]
[debug] [2026-06-23T00:57:46.649Z] >>> [apiv2][(partial)header] POST https://cloudresourcemanager.googleapis.com/v1/projects/infcoded-labs:testIamPermissions  x-goog-user-project=infcoded-labs
[debug] [2026-06-23T00:57:46.650Z] >>> [apiv2][body] POST https://cloudresourcemanager.googleapis.com/v1/projects/infcoded-labs:testIamPermissions {"permissions":["cloudfunctions.functions.create","cloudfunctions.functions.delete","cloudfunctions.functions.get","cloudfunctions.functions.list","cloudfunctions.functions.update","cloudfunctions.operations.get","firebase.projects.get"]}
[debug] [2026-06-23T00:57:48.182Z] <<< [apiv2][status] POST https://cloudresourcemanager.googleapis.com/v1/projects/infcoded-labs:testIamPermissions 200
[debug] [2026-06-23T00:57:48.182Z] <<< [apiv2][body] POST https://cloudresourcemanager.googleapis.com/v1/projects/infcoded-labs:testIamPermissions {"permissions":["cloudfunctions.functions.create","cloudfunctions.functions.delete","cloudfunctions.functions.get","cloudfunctions.functions.list","cloudfunctions.functions.update","cloudfunctions.operations.get","firebase.projects.get"]}
[debug] [2026-06-23T00:57:48.187Z] Checked if tokens are valid: true, expires at: 1782178774660
[debug] [2026-06-23T00:57:48.187Z] Checked if tokens are valid: true, expires at: 1782178774660
[debug] [2026-06-23T00:57:48.188Z] >>> [apiv2][query] GET https://cloudfunctions.googleapis.com/v1/projects/infcoded-labs/locations/-/functions [none]
[debug] [2026-06-23T00:57:49.227Z] <<< [apiv2][status] GET https://cloudfunctions.googleapis.com/v1/projects/infcoded-labs/locations/-/functions 200
[debug] [2026-06-23T00:57:49.227Z] <<< [apiv2][body] GET https://cloudfunctions.googleapis.com/v1/projects/infcoded-labs/locations/-/functions {}
[debug] [2026-06-23T00:57:49.228Z] Checked if tokens are valid: true, expires at: 1782178774660
[debug] [2026-06-23T00:57:49.228Z] Checked if tokens are valid: true, expires at: 1782178774660
[debug] [2026-06-23T00:57:49.229Z] >>> [apiv2][query] GET https://cloudfunctions.googleapis.com/v2/projects/infcoded-labs/locations/-/functions filter=environment%3D%22GEN_2%22
[debug] [2026-06-23T00:57:50.984Z] <<< [apiv2][status] GET https://cloudfunctions.googleapis.com/v2/projects/infcoded-labs/locations/-/functions 200
[debug] [2026-06-23T00:57:50.985Z] <<< [apiv2][body] GET https://cloudfunctions.googleapis.com/v2/projects/infcoded-labs/locations/-/functions {"functions":[{"name":"projects/infcoded-labs/locations/us-central1/functions/ssrinfcodedlabs","buildConfig":{"build":"projects/813451921843/locations/us-central1/builds/00ec5656-f743-476e-a14a-37b645a9f416","runtime":"nodejs22","entryPoint":"ssrinfcodedlabs","source":{"storageSource":{"bucket":"gcf-v2-sources-813451921843-us-central1","object":"ssrinfcodedlabs/function-source.zip","generation":"1782176121222254"}},"environmentVariables":{"GOOGLE_NODE_RUN_SCRIPTS":""},"dockerRepository":"projects/infcoded-labs/locations/us-central1/repositories/gcf-artifacts","sourceProvenance":{"resolvedStorageSource":{"bucket":"gcf-v2-sources-813451921843-us-central1","object":"ssrinfcodedlabs/function-source.zip","generation":"1782176121222254"}},"dockerRegistry":"ARTIFACT_REGISTRY","serviceAccount":"projects/infcoded-labs/serviceAccounts/813451921843-compute@developer.gserviceaccount.com","automaticUpdatePolicy":{}},"serviceConfig":{"service":"projects/infcoded-labs/locations/us-central1/services/ssrinfcodedlabs","timeoutSeconds":60,"environmentVariables":{"VERCEL_URL":"infcoded-labs.web.app","__FIREBASE_FRAMEWORKS_ENTRY__":"next.js","__FIREBASE_DEFAULTS__":"{\"config\":{\"projectId\":\"infcoded-labs\",\"appId\":\"1:813451921843:web:aa3388539d632ba863e3c6\",\"storageBucket\":\"infcoded-labs.firebasestorage.app\",\"apiKey\":\"AIzaSyCORENW0MqKwi46JwKqFVYFZ3Tei9lY0sg\",\"authDomain\":\"infcoded-labs.firebaseapp.com\",\"messagingSenderId\":\"813451921843\",\"projectNumber\":\"813451921843\",\"version\":\"2\"},\"_authTokenSyncURL\":\"/__session\"}","FIREBASE_CONFIG":"{\"projectId\":\"infcoded-labs\",\"storageBucket\":\"infcoded-labs.firebasestorage.app\"}","GCLOUD_PROJECT":"infcoded-labs","EVENTARC_CLOUD_EVENT_SOURCE":"projects/infcoded-labs/locations/us-central1/services/ssrinfcodedlabs","FUNCTION_TARGET":"ssrinfcodedlabs","LOG_EXECUTION_ID":"true"},"maxInstanceCount":3,"ingressSettings":"ALLOW_ALL","uri":"https://ssrinfcodedlabs-yqgfzmz6gq-uc.a.run.app","serviceAccountEmail":"813451921843-compute@developer.gserviceaccount.com","availableMemory":"256Mi","allTrafficOnLatestRevision":true,"revision":"ssrinfcodedlabs-00016-kib","maxInstanceRequestConcurrency":80,"availableCpu":"1"},"state":"ACTIVE","updateTime":"2026-06-23T00:57:47.658598184Z","labels":{"deployment-tool":"cli-firebase","firebase-functions-codebase":"firebase-frameworks-infcoded-labs","firebase-functions-hash":"a671004e91f9992b5b4384dc2209c3597a4f195b"},"environment":"GEN_2","url":"https://us-central1-infcoded-labs.cloudfunctions.net/ssrinfcodedlabs","createTime":"2026-06-22T01:58:19.636813292Z","satisfiesPzi":true}]}
[info] i  hosting: The following function(s) are pinned to site infcoded-labs and will be deployed as well: ssrinfcodedlabs 
[info] 
[info] === Deploying to 'infcoded-labs'...
[info] 
[info] i  deploying functions, hosting 
[debug] [2026-06-23T00:57:50.998Z] Checked if tokens are valid: true, expires at: 1782178774660
[debug] [2026-06-23T00:57:50.998Z] Checked if tokens are valid: true, expires at: 1782178774660
[debug] [2026-06-23T00:57:50.999Z] >>> [apiv2][query] GET https://cloudresourcemanager.googleapis.com/v1/projects/infcoded-labs [none]
[debug] [2026-06-23T00:57:51.369Z] <<< [apiv2][status] GET https://cloudresourcemanager.googleapis.com/v1/projects/infcoded-labs 200
[debug] [2026-06-23T00:57:51.370Z] <<< [apiv2][body] GET https://cloudresourcemanager.googleapis.com/v1/projects/infcoded-labs {"projectNumber":"813451921843","projectId":"infcoded-labs","lifecycleState":"ACTIVE","name":"Infcoded Labs","labels":{"firebase":"enabled","firebase-core":"disabled"},"createTime":"2026-06-21T13:36:00.083Z"}
[info] i  functions: preparing codebase firebase-frameworks-infcoded-labs for deployment 
[info] i  functions: ensuring required API cloudfunctions.googleapis.com is enabled... 
[info] i  functions: ensuring required API cloudbuild.googleapis.com is enabled... 
[info] i  artifactregistry: ensuring required API artifactregistry.googleapis.com is enabled... 
[debug] [2026-06-23T00:57:51.388Z] Checked if tokens are valid: true, expires at: 1782178774660
[debug] [2026-06-23T00:57:51.389Z] Checked if tokens are valid: true, expires at: 1782178774660
[debug] [2026-06-23T00:57:51.389Z] >>> [apiv2][query] GET https://firebase.googleapis.com/v1beta1/projects/infcoded-labs/adminSdkConfig [none]
[debug] [2026-06-23T00:57:52.208Z] <<< [apiv2][status] GET https://firebase.googleapis.com/v1beta1/projects/infcoded-labs/adminSdkConfig 200
[debug] [2026-06-23T00:57:52.208Z] <<< [apiv2][body] GET https://firebase.googleapis.com/v1beta1/projects/infcoded-labs/adminSdkConfig {"projectId":"infcoded-labs","storageBucket":"infcoded-labs.firebasestorage.app"}
[debug] [2026-06-23T00:57:52.214Z] Checked if tokens are valid: true, expires at: 1782178774660
[debug] [2026-06-23T00:57:52.214Z] Checked if tokens are valid: true, expires at: 1782178774660
[debug] [2026-06-23T00:57:52.215Z] >>> [apiv2][query] GET https://runtimeconfig.googleapis.com/v1beta1/projects/infcoded-labs/configs [none]
[debug] [2026-06-23T00:57:52.934Z] <<< [apiv2][status] GET https://runtimeconfig.googleapis.com/v1beta1/projects/infcoded-labs/configs 200
[debug] [2026-06-23T00:57:52.934Z] <<< [apiv2][body] GET https://runtimeconfig.googleapis.com/v1beta1/projects/infcoded-labs/configs {}
[debug] [2026-06-23T00:57:52.940Z] Validating nodejs source
[warn] !  functions: package.json indicates an outdated version of firebase-functions. Please upgrade using npm install --save firebase-functions@latest in your functions directory. 
[warn] !  functions: Please note that there will be breaking changes when you upgrade. 
[debug] [2026-06-23T00:57:56.470Z] > [functions] package.json contents: {
  "name": "feesync-app",
  "version": "0.1.0",
  "private": true,
  "dependencies": {
    "firebase": "^12.15.0",
    "framer-motion": "^12.40.0",
    "gsap": "^3.15.0",
    "lenis": "^1.3.23",
    "lucide-react": "^1.21.0",
    "next": "16.2.9",
    "nodemailer": "^9.0.1",
    "react": "19.2.4",
    "react-dom": "19.2.4",
    "firebase-frameworks": "^0.11.0",
    "firebase-functions": "^6.0.1",
    "firebase-admin": "^11.11.1"
  },
  "main": "server.js",
  "engines": {
    "node": "24"
  }
}
[debug] [2026-06-23T00:57:56.470Z] Building nodejs source
[info] i  functions: Loading and analyzing source code for codebase firebase-frameworks-infcoded-labs to determine what to deploy 
[debug] [2026-06-23T00:57:56.473Z] Could not find functions.yaml. Must use http discovery
[debug] [2026-06-23T00:57:56.538Z] Found firebase-functions binary at 'D:\Infcoded labs\.firebase\infcoded-labs\functions\node_modules\.bin\firebase-functions'
[info] Serving at port 8563

[debug] [2026-06-23T00:58:00.046Z] Got response from /__/functions.yaml {"endpoints":{"ssrinfcodedlabs":{"availableMemoryMb":null,"timeoutSeconds":null,"minInstances":null,"maxInstances":null,"ingressSettings":null,"concurrency":null,"serviceAccountEmail":null,"vpc":null,"platform":"gcfv2","region":["us-central1"],"labels":{},"httpsTrigger":{},"entryPoint":"ssrinfcodedlabs"}},"specVersion":"v1alpha1","requiredAPIs":[],"extensions":{}}
[info] i  extensions: ensuring required API firebaseextensions.googleapis.com is enabled... 
[debug] [2026-06-23T00:58:04.159Z] > command requires scopes: ["email","openid","https://www.googleapis.com/auth/cloudplatformprojects.readonly","https://www.googleapis.com/auth/firebase","https://www.googleapis.com/auth/cloud-platform"]
[debug] [2026-06-23T00:58:04.160Z] > authorizing via signed-in user (artexplore764@gmail.com)
[debug] [2026-06-23T00:58:04.161Z] [iam] checking project infcoded-labs for permissions ["firebase.projects.get","firebaseextensions.instances.list"]
[debug] [2026-06-23T00:58:04.162Z] Checked if tokens are valid: true, expires at: 1782178774660
[debug] [2026-06-23T00:58:04.162Z] Checked if tokens are valid: true, expires at: 1782178774660
[debug] [2026-06-23T00:58:04.163Z] >>> [apiv2][query] POST https://cloudresourcemanager.googleapis.com/v1/projects/infcoded-labs:testIamPermissions [none]
[debug] [2026-06-23T00:58:04.163Z] >>> [apiv2][(partial)header] POST https://cloudresourcemanager.googleapis.com/v1/projects/infcoded-labs:testIamPermissions  x-goog-user-project=infcoded-labs
[debug] [2026-06-23T00:58:04.163Z] >>> [apiv2][body] POST https://cloudresourcemanager.googleapis.com/v1/projects/infcoded-labs:testIamPermissions {"permissions":["firebase.projects.get","firebaseextensions.instances.list"]}
[debug] [2026-06-23T00:58:05.688Z] <<< [apiv2][status] POST https://cloudresourcemanager.googleapis.com/v1/projects/infcoded-labs:testIamPermissions 200
[debug] [2026-06-23T00:58:05.689Z] <<< [apiv2][body] POST https://cloudresourcemanager.googleapis.com/v1/projects/infcoded-labs:testIamPermissions {"permissions":["firebase.projects.get","firebaseextensions.instances.list"]}
[debug] [2026-06-23T00:58:05.690Z] Checked if tokens are valid: true, expires at: 1782178774660
[debug] [2026-06-23T00:58:05.690Z] Checked if tokens are valid: true, expires at: 1782178774660
[debug] [2026-06-23T00:58:05.690Z] >>> [apiv2][query] GET https://firebaseextensions.googleapis.com/v1beta/projects/infcoded-labs/instances pageSize=100&pageToken=
[debug] [2026-06-23T00:58:07.840Z] <<< [apiv2][status] GET https://firebaseextensions.googleapis.com/v1beta/projects/infcoded-labs/instances 200
[debug] [2026-06-23T00:58:07.840Z] <<< [apiv2][body] GET https://firebaseextensions.googleapis.com/v1beta/projects/infcoded-labs/instances {}
[info] i  functions: Loaded environment variables from .env. 
[info] i  functions: preparing .firebase\infcoded-labs\functions directory for uploading... 
[info] i  functions: packaged D:\Infcoded labs\.firebase\infcoded-labs\functions (384.63 MB) for uploading 
[info] i  functions: ensuring required API run.googleapis.com is enabled... 
[info] i  functions: ensuring required API eventarc.googleapis.com is enabled... 
[info] i  functions: ensuring required API pubsub.googleapis.com is enabled... 
[info] i  functions: ensuring required API storage.googleapis.com is enabled... 
[info] i  functions: generating the service identity for pubsub.googleapis.com... 
[debug] [2026-06-23T00:59:05.376Z] Checked if tokens are valid: true, expires at: 1782178774660
[debug] [2026-06-23T00:59:05.377Z] Checked if tokens are valid: true, expires at: 1782178774660
[info] i  functions: generating the service identity for eventarc.googleapis.com... 
[debug] [2026-06-23T00:59:05.377Z] Checked if tokens are valid: true, expires at: 1782178774660
[debug] [2026-06-23T00:59:05.378Z] Checked if tokens are valid: true, expires at: 1782178774660
[debug] [2026-06-23T00:59:05.378Z] >>> [apiv2][query] POST https://serviceusage.googleapis.com/v1beta1/projects/813451921843/services/pubsub.googleapis.com:generateServiceIdentity [none]
[debug] [2026-06-23T00:59:05.378Z] >>> [apiv2][(partial)header] POST https://serviceusage.googleapis.com/v1beta1/projects/813451921843/services/pubsub.googleapis.com:generateServiceIdentity  x-goog-user-project=813451921843
[debug] [2026-06-23T00:59:05.378Z] >>> [apiv2][body] POST https://serviceusage.googleapis.com/v1beta1/projects/813451921843/services/pubsub.googleapis.com:generateServiceIdentity {}
[debug] [2026-06-23T00:59:05.385Z] >>> [apiv2][query] POST https://serviceusage.googleapis.com/v1beta1/projects/813451921843/services/eventarc.googleapis.com:generateServiceIdentity [none]
[debug] [2026-06-23T00:59:05.385Z] >>> [apiv2][(partial)header] POST https://serviceusage.googleapis.com/v1beta1/projects/813451921843/services/eventarc.googleapis.com:generateServiceIdentity  x-goog-user-project=813451921843
[debug] [2026-06-23T00:59:05.385Z] >>> [apiv2][body] POST https://serviceusage.googleapis.com/v1beta1/projects/813451921843/services/eventarc.googleapis.com:generateServiceIdentity {}
[debug] [2026-06-23T00:59:07.782Z] <<< [apiv2][status] POST https://serviceusage.googleapis.com/v1beta1/projects/813451921843/services/eventarc.googleapis.com:generateServiceIdentity 200
[debug] [2026-06-23T00:59:07.782Z] <<< [apiv2][body] POST https://serviceusage.googleapis.com/v1beta1/projects/813451921843/services/eventarc.googleapis.com:generateServiceIdentity {"name":"operations/finished.DONE_OPERATION","done":true,"response":{"@type":"type.googleapis.com/google.api.serviceusage.v1beta1.ServiceIdentity","email":"service-813451921843@gcp-sa-eventarc.iam.gserviceaccount.com","uniqueId":"108496110029408737839"}}
[debug] [2026-06-23T00:59:07.797Z] <<< [apiv2][status] POST https://serviceusage.googleapis.com/v1beta1/projects/813451921843/services/pubsub.googleapis.com:generateServiceIdentity 200
[debug] [2026-06-23T00:59:07.798Z] <<< [apiv2][body] POST https://serviceusage.googleapis.com/v1beta1/projects/813451921843/services/pubsub.googleapis.com:generateServiceIdentity {"name":"operations/finished.DONE_OPERATION","done":true,"response":{"@type":"type.googleapis.com/google.api.serviceusage.v1beta1.ServiceIdentity","email":"service-813451921843@gcp-sa-pubsub.iam.gserviceaccount.com","uniqueId":"101871613730423054129"}}
[debug] [2026-06-23T00:59:07.807Z] Checked if tokens are valid: true, expires at: 1782178774660
[debug] [2026-06-23T00:59:07.807Z] Checked if tokens are valid: true, expires at: 1782178774660
[debug] [2026-06-23T00:59:07.807Z] >>> [apiv2][query] GET https://cloudresourcemanager.googleapis.com/v1/projects/infcoded-labs [none]
[debug] [2026-06-23T00:59:09.382Z] <<< [apiv2][status] GET https://cloudresourcemanager.googleapis.com/v1/projects/infcoded-labs 200
[debug] [2026-06-23T00:59:09.383Z] <<< [apiv2][body] GET https://cloudresourcemanager.googleapis.com/v1/projects/infcoded-labs {"projectNumber":"813451921843","projectId":"infcoded-labs","lifecycleState":"ACTIVE","name":"Infcoded Labs","labels":{"firebase":"enabled","firebase-core":"disabled"},"createTime":"2026-06-21T13:36:00.083Z"}
[debug] [2026-06-23T00:59:09.383Z] Checked if tokens are valid: true, expires at: 1782178774660
[debug] [2026-06-23T00:59:09.384Z] Checked if tokens are valid: true, expires at: 1782178774660
[debug] [2026-06-23T00:59:09.384Z] >>> [apiv2][query] GET https://compute.googleapis.com/compute/v1/projects/813451921843 [none]
[debug] [2026-06-23T00:59:10.202Z] <<< [apiv2][status] GET https://compute.googleapis.com/compute/v1/projects/813451921843 403
[debug] [2026-06-23T00:59:10.203Z] <<< [apiv2][body] GET https://compute.googleapis.com/compute/v1/projects/813451921843 {"error":{"code":403,"message":"Compute Engine API has not been used in project 813451921843 before or it is disabled. Enable it by visiting https://console.developers.google.com/apis/api/compute.googleapis.com/overview?project=813451921843 then retry. If you enabled this API recently, wait a few minutes for the action to propagate to our systems and retry.","errors":[{"message":"Compute Engine API has not been used in project 813451921843 before or it is disabled. Enable it by visiting https://console.developers.google.com/apis/api/compute.googleapis.com/overview?project=813451921843 then retry. If you enabled this API recently, wait a few minutes for the action to propagate to our systems and retry.","domain":"usageLimits","reason":"accessNotConfigured","extendedHelp":"https://console.developers.google.com"}],"status":"PERMISSION_DENIED","details":[{"@type":"type.googleapis.com/google.rpc.ErrorInfo","reason":"SERVICE_DISABLED","domain":"googleapis.com","metadata":{"service":"compute.googleapis.com","serviceTitle":"Compute Engine API","consumer":"projects/813451921843","activationUrl":"https://console.developers.google.com/apis/api/compute.googleapis.com/overview?project=813451921843","containerInfo":"813451921843"}},{"@type":"type.googleapis.com/google.rpc.LocalizedMessage","locale":"en-US","message":"Compute Engine API has not been used in project 813451921843 before or it is disabled. Enable it by visiting https://console.developers.google.com/apis/api/compute.googleapis.com/overview?project=813451921843 then retry. If you enabled this API recently, wait a few minutes for the action to propagate to our systems and retry."},{"@type":"type.googleapis.com/google.rpc.Help","links":[{"description":"Google developers console API activation","url":"https://console.developers.google.com/apis/api/compute.googleapis.com/overview?project=813451921843"}]}]}}
[debug] [2026-06-23T00:59:10.205Z] unable to look up default compute service account. Falling back to 813451921843-compute@developer.gserviceaccount.com. Error: {"name":"FirebaseError","children":[],"context":{"body":{"error":{"code":403,"message":"Compute Engine API has not been used in project 813451921843 before or it is disabled. Enable it by visiting https://console.developers.google.com/apis/api/compute.googleapis.com/overview?project=813451921843 then retry. If you enabled this API recently, wait a few minutes for the action to propagate to our systems and retry.","errors":[{"message":"Compute Engine API has not been used in project 813451921843 before or it is disabled. Enable it by visiting https://console.developers.google.com/apis/api/compute.googleapis.com/overview?project=813451921843 then retry. If you enabled this API recently, wait a few minutes for the action to propagate to our systems and retry.","domain":"usageLimits","reason":"accessNotConfigured","extendedHelp":"https://console.developers.google.com"}],"status":"PERMISSION_DENIED","details":[{"@type":"type.googleapis.com/google.rpc.ErrorInfo","reason":"SERVICE_DISABLED","domain":"googleapis.com","metadata":{"service":"compute.googleapis.com","serviceTitle":"Compute Engine API","consumer":"projects/813451921843","activationUrl":"https://console.developers.google.com/apis/api/compute.googleapis.com/overview?project=813451921843","containerInfo":"813451921843"}},{"@type":"type.googleapis.com/google.rpc.LocalizedMessage","locale":"en-US","message":"Compute Engine API has not been used in project 813451921843 before or it is disabled. Enable it by visiting https://console.developers.google.com/apis/api/compute.googleapis.com/overview?project=813451921843 then retry. If you enabled this API recently, wait a few minutes for the action to propagate to our systems and retry."},{"@type":"type.googleapis.com/google.rpc.Help","links":[{"description":"Google developers console API activation","url":"https://console.developers.google.com/apis/api/compute.googleapis.com/overview?project=813451921843"}]}]}},"response":{"statusCode":403}},"exit":1,"message":"Request to https://compute.googleapis.com/compute/v1/projects/813451921843 had HTTP Error: 403, Compute Engine API has not been used in project 813451921843 before or it is disabled. Enable it by visiting https://console.developers.google.com/apis/api/compute.googleapis.com/overview?project=813451921843 then retry. If you enabled this API recently, wait a few minutes for the action to propagate to our systems and retry.","status":403}
[debug] [2026-06-23T00:59:10.208Z] Checked if tokens are valid: true, expires at: 1782178774660
[debug] [2026-06-23T00:59:10.209Z] Checked if tokens are valid: true, expires at: 1782178774660
[debug] [2026-06-23T00:59:10.209Z] >>> [apiv2][query] GET https://firebasehosting.googleapis.com/v1beta1/projects/infcoded-labs/sites/infcoded-labs [none]
[debug] [2026-06-23T00:59:11.684Z] <<< [apiv2][status] GET https://firebasehosting.googleapis.com/v1beta1/projects/infcoded-labs/sites/infcoded-labs 200
[debug] [2026-06-23T00:59:11.684Z] <<< [apiv2][body] GET https://firebasehosting.googleapis.com/v1beta1/projects/infcoded-labs/sites/infcoded-labs {"name":"projects/infcoded-labs/sites/infcoded-labs","defaultUrl":"https://infcoded-labs.web.app","type":"DEFAULT_SITE"}
[debug] [2026-06-23T00:59:11.699Z] Checked if tokens are valid: true, expires at: 1782178774660
[debug] [2026-06-23T00:59:11.699Z] Checked if tokens are valid: true, expires at: 1782178774660
[debug] [2026-06-23T00:59:11.700Z] >>> [apiv2][query] POST https://firebasehosting.googleapis.com/v1beta1/projects/-/sites/infcoded-labs/versions [none]
[debug] [2026-06-23T00:59:11.700Z] >>> [apiv2][body] POST https://firebasehosting.googleapis.com/v1beta1/projects/-/sites/infcoded-labs/versions {"status":"CREATED","labels":{"deployment-tool":"cli-firebase","firebase-web-framework":"next_ssr"}}
[debug] [2026-06-23T00:59:13.342Z] <<< [apiv2][status] POST https://firebasehosting.googleapis.com/v1beta1/projects/-/sites/infcoded-labs/versions 200
[debug] [2026-06-23T00:59:13.343Z] <<< [apiv2][body] POST https://firebasehosting.googleapis.com/v1beta1/projects/-/sites/infcoded-labs/versions {"name":"projects/813451921843/sites/infcoded-labs/versions/28b11a02a97690fe","status":"CREATED","config":{},"labels":{"deployment-tool":"cli-firebase","firebase-web-framework":"next_ssr"}}
[debug] [2026-06-23T00:59:13.345Z] Checked if tokens are valid: true, expires at: 1782178774660
[debug] [2026-06-23T00:59:13.345Z] Checked if tokens are valid: true, expires at: 1782178774660
[debug] [2026-06-23T00:59:13.345Z] >>> [apiv2][query] GET https://cloudbilling.googleapis.com/v1/projects/infcoded-labs/billingInfo [none]
[debug] [2026-06-23T00:59:15.298Z] <<< [apiv2][status] GET https://cloudbilling.googleapis.com/v1/projects/infcoded-labs/billingInfo 200
[debug] [2026-06-23T00:59:15.298Z] <<< [apiv2][body] GET https://cloudbilling.googleapis.com/v1/projects/infcoded-labs/billingInfo {"name":"projects/infcoded-labs/billingInfo","projectId":"infcoded-labs","billingAccountName":"billingAccounts/0116E7-37F8D7-4AC5BD","billingEnabled":true}
[debug] [2026-06-23T00:59:15.317Z] Checked if tokens are valid: true, expires at: 1782178774660
[debug] [2026-06-23T00:59:15.317Z] Checked if tokens are valid: true, expires at: 1782178774660
[debug] [2026-06-23T00:59:15.317Z] >>> [apiv2][query] POST https://cloudfunctions.googleapis.com/v2/projects/infcoded-labs/locations/us-central1/functions:generateUploadUrl [none]
[debug] [2026-06-23T00:59:17.071Z] <<< [apiv2][status] POST https://cloudfunctions.googleapis.com/v2/projects/infcoded-labs/locations/us-central1/functions:generateUploadUrl 200
[debug] [2026-06-23T00:59:17.071Z] <<< [apiv2][body] POST https://cloudfunctions.googleapis.com/v2/projects/infcoded-labs/locations/us-central1/functions:generateUploadUrl {"uploadUrl":"https://storage.googleapis.com/gcf-v2-uploads-813451921843.us-central1.cloudfunctions.appspot.com/fb70cdae-94c5-4968-b1c7-82ae2fee9835.zip?GoogleAccessId=service-813451921843@gcf-admin-robot.iam.gserviceaccount.com&Expires=1782178157&Signature=lWcOwwSPUhbCegq%2FN%2BkAIB9STZaE5AHlvYf6CQdNP1RfHqgsQgSh4NOj9w8TThsuaVA2dFKmDVwhcOt%2B9pn6UneyCcdc91Kf0Z%2FaNF%2Bcwn0tzSV7ZgPuDkgz2gAvj6Z%2FQoqwIV6bGkOs5S4m%2B2XmX1pOTmA3kbKZbO95M26WHyS%2BT5OaZhglvGyzj2cbHFpxhp1QsGPKavu5Ojjq1FUrCnNRRyk849CRCies%2FLMlL%2FZKXBR58IL45x5c0UexPZE9zqZUz7gyDy0%2Bma%2FKhQH2Scyb9UrR5YmTH0%2FIN7bGB7sfnMiC%2BpDNT5CWL1RmqvXY2g7mTfijDMreOyXaf7QAiA%3D%3D","storageSource":{"bucket":"gcf-v2-uploads-813451921843.us-central1.cloudfunctions.appspot.com","object":"fb70cdae-94c5-4968-b1c7-82ae2fee9835.zip"}}
[debug] [2026-06-23T00:59:17.088Z] >>> [apiv2][query] PUT https://storage.googleapis.com/gcf-v2-uploads-813451921843.us-central1.cloudfunctions.appspot.com/fb70cdae-94c5-4968-b1c7-82ae2fee9835.zip GoogleAccessId=service-813451921843%40gcf-admin-robot.iam.gserviceaccount.com&Expires=1782178157&Signature=lWcOwwSPUhbCegq%2FN%2BkAIB9STZaE5AHlvYf6CQdNP1RfHqgsQgSh4NOj9w8TThsuaVA2dFKmDVwhcOt%2B9pn6UneyCcdc91Kf0Z%2FaNF%2Bcwn0tzSV7ZgPuDkgz2gAvj6Z%2FQoqwIV6bGkOs5S4m%2B2XmX1pOTmA3kbKZbO95M26WHyS%2BT5OaZhglvGyzj2cbHFpxhp1QsGPKavu5Ojjq1FUrCnNRRyk849CRCies%2FLMlL%2FZKXBR58IL45x5c0UexPZE9zqZUz7gyDy0%2Bma%2FKhQH2Scyb9UrR5YmTH0%2FIN7bGB7sfnMiC%2BpDNT5CWL1RmqvXY2g7mTfijDMreOyXaf7QAiA%3D%3D
[debug] [2026-06-23T00:59:17.088Z] >>> [apiv2][body] PUT https://storage.googleapis.com/gcf-v2-uploads-813451921843.us-central1.cloudfunctions.appspot.com/fb70cdae-94c5-4968-b1c7-82ae2fee9835.zip [stream]
